guia_ra/Intermediate/Android/APK/gradle/app/build/outputs/logs/manifest-merger-debug-report.txt
-- Merging decision tree log ---
manifest
ADDED from src\main\AndroidManifest.xml:1:1-54:12
	package
		ADDED from src\main\AndroidManifest.xml:1:70-103
		INJECTED from src\main\AndroidManifest.xml
		INJECTED from src\main\AndroidManifest.xml
	android:versionName
		ADDED from src\main\AndroidManifest.xml:1:167-192
		INJECTED from src\main\AndroidManifest.xml
		INJECTED from src\main\AndroidManifest.xml
	android:versionCode
		ADDED from src\main\AndroidManifest.xml:1:143-166
		INJECTED from src\main\AndroidManifest.xml
		INJECTED from src\main\AndroidManifest.xml
	xmlns:android
		ADDED from src\main\AndroidManifest.xml:1:11-69
	android:installLocation
		ADDED from src\main\AndroidManifest.xml:1:104-142
application
ADDED from src\main\AndroidManifest.xml:3:3-38:17
MERGED from [com.google.android.gms:play-services-auth:11.0.4] AndroidManifest.xml:19:5-25:19
MERGED from [com.google.android.gms:play-services-games:11.0.4] AndroidManifest.xml:18:5-19
MERGED from [com.google.android.gms:play-services-drive:11.0.4] AndroidManifest.xml:18:5-19
MERGED from [com.google.android.gms:play-services-nearby:11.0.4] AndroidManifest.xml:5:5-19
MERGED from [com.google.android.gms:play-services-plus:11.0.4] AndroidManifest.xml:18:5-19
MERGED from [com.google.android.gms:play-services-ads-lite:11.0.4] AndroidManifest.xml:23:5-26:19
MERGED from [com.google.android.gms:play-services-clearcut:11.0.4] AndroidManifest.xml:18:5-19
MERGED from [com.google.android.gms:play-services-gass:11.0.4] AndroidManifest.xml:4:5-19
MERGED from [com.google.android.gms:play-services-safetynet:11.0.4] AndroidManifest.xml:18:5-19
MERGED from [com.google.android.gms:play-services-base:11.0.4] AndroidManifest.xml:18:5-20:19
MERGED from [com.google.android.gms:play-services-tasks:11.0.4] AndroidManifest.xml:4:5-19
MERGED from [com.google.android.gms:play-services-basement:11.0.4] AndroidManifest.xml:19:5-21:19
MERGED from [com.android.support:support-v13:25.2.0] AndroidManifest.xml:25:5-20
MERGED from [com.android.support:support-v4:25.2.0] AndroidManifest.xml:25:5-20
MERGED from [com.android.support:support-fragment:25.2.0] AndroidManifest.xml:25:5-20
MERGED from [com.android.support:support-media-compat:25.2.0] AndroidManifest.xml:25:5-20
MERGED from [com.android.support:support-core-ui:25.2.0] AndroidManifest.xml:25:5-20
MERGED from [com.android.support:support-core-utils:25.2.0] AndroidManifest.xml:25:5-20
MERGED from [com.android.support:support-compat:25.2.0] AndroidManifest.xml:25:5-20
MERGED from [com.google.ar:core:1.0.0] AndroidManifest.xml:28:5-42:19
	android:hasCode
		ADDED from src\main\AndroidManifest.xml:3:114-136
	android:label
		ADDED from src\main\AndroidManifest.xml:3:16-48
	android:hardwareAccelerated
		ADDED from src\main\AndroidManifest.xml:3:79-113
	android:icon
		ADDED from src\main\AndroidManifest.xml:3:49-78
activity#com.epicgames.ue4.SplashActivity
ADDED from src\main\AndroidManifest.xml:4:5-9:16
	android:screenOrientation
		ADDED from src\main\AndroidManifest.xml:4:166-200
	android:label
		ADDED from src\main\AndroidManifest.xml:4:63-95
	android:launchMode
		ADDED from src\main\AndroidManifest.xml:4:134-165
	android:debuggable
		ADDED from src\main\AndroidManifest.xml:4:201-226
	android:theme
		ADDED from src\main\AndroidManifest.xml:4:96-133
	android:name
		ADDED from src\main\AndroidManifest.xml:4:15-62
intent-filter#android.intent.action.MAIN+android.intent.category.LAUNCHER
ADDED from src\main\AndroidManifest.xml:5:7-8:23
action#android.intent.action.MAIN
ADDED from src\main\AndroidManifest.xml:6:9-61
	android:name
		ADDED from src\main\AndroidManifest.xml:6:17-58
category#android.intent.category.LAUNCHER
ADDED from src\main\AndroidManifest.xml:7:9-69
	android:name
		ADDED from src\main\AndroidManifest.xml:7:19-66
activity#com.epicgames.ue4.GameActivity
ADDED from src\main\AndroidManifest.xml:10:5-12:16
	android:screenOrientation
		ADDED from src\main\AndroidManifest.xml:10:243-277
	android:label
		ADDED from src\main\AndroidManifest.xml:10:61-93
	android:launchMode
		ADDED from src\main\AndroidManifest.xml:10:211-242
	android:debuggable
		ADDED from src\main\AndroidManifest.xml:10:278-303
	android:configChanges
		ADDED from src\main\AndroidManifest.xml:10:132-210
	android:theme
		ADDED from src\main\AndroidManifest.xml:10:94-131
	android:name
		ADDED from src\main\AndroidManifest.xml:10:15-60
meta-data#android.app.lib_name
ADDED from src\main\AndroidManifest.xml:11:7-76
	android:value
		ADDED from src\main\AndroidManifest.xml:11:54-73
	android:name
		ADDED from src\main\AndroidManifest.xml:11:18-53
activity#com.YourCompany.guia_ra.DownloaderActivity
ADDED from src\main\AndroidManifest.xml:13:5-204
	android:screenOrientation
		ADDED from src\main\AndroidManifest.xml:13:50-84
	android:configChanges
		ADDED from src\main\AndroidManifest.xml:13:85-163
	android:theme
		ADDED from src\main\AndroidManifest.xml:13:164-201
	android:name
		ADDED from src\main\AndroidManifest.xml:13:15-49
meta-data#com.epicgames.ue4.GameActivity.EngineVersion
ADDED from src\main\AndroidManifest.xml:14:5-101
	android:value
		ADDED from src\main\AndroidManifest.xml:14:76-98
	android:name
		ADDED from src\main\AndroidManifest.xml:14:16-75
meta-data#com.epicgames.ue4.GameActivity.DepthBufferPreference
ADDED from src\main\AndroidManifest.xml:15:5-104
	android:value
		ADDED from src\main\AndroidManifest.xml:15:84-101
	android:name
		ADDED from src\main\AndroidManifest.xml:15:16-83
meta-data#com.epicgames.ue4.GameActivity.bPackageDataInsideApk
ADDED from src\main\AndroidManifest.xml:16:5-108
	android:value
		ADDED from src\main\AndroidManifest.xml:16:84-105
	android:name
		ADDED from src\main\AndroidManifest.xml:16:16-83
meta-data#com.epicgames.ue4.GameActivity.bVerifyOBBOnStartUp
ADDED from src\main\AndroidManifest.xml:17:5-106
	android:value
		ADDED from src\main\AndroidManifest.xml:17:82-103
	android:name
		ADDED from src\main\AndroidManifest.xml:17:16-81
meta-data#com.epicgames.ue4.GameActivity.bShouldHideUI
ADDED from src\main\AndroidManifest.xml:18:5-100
	android:value
		ADDED from src\main\AndroidManifest.xml:18:76-97
	android:name
		ADDED from src\main\AndroidManifest.xml:18:16-75
meta-data#com.epicgames.ue4.GameActivity.ProjectName
ADDED from src\main\AndroidManifest.xml:19:5-100
	android:value
		ADDED from src\main\AndroidManifest.xml:19:74-97
	android:name
		ADDED from src\main\AndroidManifest.xml:19:16-73
meta-data#com.epicgames.ue4.GameActivity.bHasOBBFiles
ADDED from src\main\AndroidManifest.xml:20:5-99
	android:value
		ADDED from src\main\AndroidManifest.xml:20:75-96
	android:name
		ADDED from src\main\AndroidManifest.xml:20:16-74
meta-data#com.epicgames.ue4.GameActivity.BuildConfiguration
ADDED from src\main\AndroidManifest.xml:21:5-111
	android:value
		ADDED from src\main\AndroidManifest.xml:21:81-108
	android:name
		ADDED from src\main\AndroidManifest.xml:21:16-80
meta-data#com.epicgames.ue4.GameActivity.CookedFlavors
ADDED from src\main\AndroidManifest.xml:22:5-99
	android:value
		ADDED from src\main\AndroidManifest.xml:22:76-96
	android:name
		ADDED from src\main\AndroidManifest.xml:22:16-75
meta-data#com.epicgames.ue4.GameActivity.bValidateTextureFormats
ADDED from src\main\AndroidManifest.xml:23:5-109
	android:value
		ADDED from src\main\AndroidManifest.xml:23:86-106
	android:name
		ADDED from src\main\AndroidManifest.xml:23:16-85
meta-data#com.epicgames.ue4.GameActivity.bUseExternalFilesDir
ADDED from src\main\AndroidManifest.xml:24:5-107
	android:value
		ADDED from src\main\AndroidManifest.xml:24:83-104
	android:name
		ADDED from src\main\AndroidManifest.xml:24:16-82
meta-data#com.google.android.gms.games.APP_ID
ADDED from src\main\AndroidManifest.xml:25:5-100
	android:value
		ADDED from src\main\AndroidManifest.xml:25:67-97
	android:name
		ADDED from src\main\AndroidManifest.xml:25:16-66
meta-data#com.google.android.gms.version
ADDED from src\main\AndroidManifest.xml:26:5-118
MERGED from [com.google.android.gms:play-services-basement:11.0.4] AndroidManifest.xml:20:9-121
	android:value
		ADDED from src\main\AndroidManifest.xml:26:62-115
	android:name
		ADDED from src\main\AndroidManifest.xml:26:16-61
activity#com.google.android.gms.ads.AdActivity
ADDED from src\main\AndroidManifest.xml:27:5-180
MERGED from [com.google.android.gms:play-services-ads-lite:11.0.4] AndroidManifest.xml:25:9-232
	android:configChanges
		ADDED from src\main\AndroidManifest.xml:27:68-177
	android:theme
		ADDED from [com.google.android.gms:play-services-ads-lite:11.0.4] AndroidManifest.xml:25:182-230
	android:name
		ADDED from src\main\AndroidManifest.xml:27:15-67
service#com.YourCompany.guia_ra.OBBDownloaderService
ADDED from src\main\AndroidManifest.xml:28:5-52
	android:name
		ADDED from src\main\AndroidManifest.xml:28:14-49
receiver#com.YourCompany.guia_ra.AlarmReceiver
ADDED from src\main\AndroidManifest.xml:29:5-46
	android:name
		ADDED from src\main\AndroidManifest.xml:29:15-43
receiver#com.epicgames.ue4.LocalNotificationReceiver
ADDED from src\main\AndroidManifest.xml:30:5-76
	android:name
		ADDED from src\main\AndroidManifest.xml:30:15-73
receiver#com.epicgames.ue4.MulticastBroadcastReceiver
ADDED from src\main\AndroidManifest.xml:31:5-35:16
	android:exported
		ADDED from src\main\AndroidManifest.xml:31:75-98
	android:name
		ADDED from src\main\AndroidManifest.xml:31:15-74
intent-filter#com.android.vending.INSTALL_REFERRER
ADDED from src\main\AndroidManifest.xml:32:7-34:23
action#com.android.vending.INSTALL_REFERRER
ADDED from src\main\AndroidManifest.xml:33:9-71
	android:name
		ADDED from src\main\AndroidManifest.xml:33:17-68
meta-data#android.max_aspect
ADDED from src\main\AndroidManifest.xml:36:5-73
	android:value
		ADDED from src\main\AndroidManifest.xml:36:50-70
	android:name
		ADDED from src\main\AndroidManifest.xml:36:16-49
meta-data#com.google.ar.core
ADDED from src\main\AndroidManifest.xml:37:5-77
	android:value
		ADDED from src\main\AndroidManifest.xml:37:50-74
	android:name
		ADDED from src\main\AndroidManifest.xml:37:16-49
uses-sdk
ADDED from src\main\AndroidManifest.xml:40:3-72
MERGED from [com.google.android.gms:play-services-auth:11.0.4] AndroidManifest.xml:17:5-43
MERGED from [com.google.android.gms:play-services-auth-base:11.0.4] AndroidManifest.xml:4:5-43
MERGED from [com.google.android.gms:play-services-games:11.0.4] AndroidManifest.xml:17:5-43
MERGED from [com.google.android.gms:play-services-drive:11.0.4] AndroidManifest.xml:17:5-43
MERGED from [com.google.android.gms:play-services-nearby:11.0.4] AndroidManifest.xml:3:5-43
MERGED from [com.google.android.gms:play-services-plus:11.0.4] AndroidManifest.xml:17:5-43
MERGED from [com.google.android.gms:play-services-ads:11.0.4] AndroidManifest.xml:17:5-43
MERGED from [com.google.android.gms:play-services-ads-lite:11.0.4] AndroidManifest.xml:22:5-43
MERGED from [com.google.android.gms:play-services-clearcut:11.0.4] AndroidManifest.xml:17:5-43
MERGED from [com.google.android.gms:play-services-gass:11.0.4] AndroidManifest.xml:3:5-43
MERGED from [com.google.android.gms:play-services-safetynet:11.0.4] AndroidManifest.xml:17:5-43
MERGED from [com.google.android.gms:play-services-base:11.0.4] AndroidManifest.xml:17:5-43
MERGED from [com.google.android.gms:play-services-tasks:11.0.4] AndroidManifest.xml:3:5-43
MERGED from [com.google.android.gms:play-services-basement:11.0.4] AndroidManifest.xml:17:5-43
MERGED from [:downloader_library:unspecified] AndroidManifest.xml:7:5-9:41
MERGED from [:permission_library:unspecified] AndroidManifest.xml:5:5-7:41
MERGED from [com.android.support:support-v13:25.2.0] AndroidManifest.xml:21:5-23:55
MERGED from [com.android.support:support-v4:25.2.0] AndroidManifest.xml:21:5-23:54
MERGED from [com.android.support:support-fragment:25.2.0] AndroidManifest.xml:21:5-23:60
MERGED from [com.android.support:support-media-compat:25.2.0] AndroidManifest.xml:21:5-23:63
MERGED from [com.android.support:support-core-ui:25.2.0] AndroidManifest.xml:21:5-23:58
MERGED from [com.android.support:support-core-utils:25.2.0] AndroidManifest.xml:21:5-23:61
MERGED from [com.android.support:support-compat:25.2.0] AndroidManifest.xml:21:5-23:58
MERGED from [com.google.ar:core:1.0.0] AndroidManifest.xml:25:5-44
MERGED from [com.google.ar:core:1.0.0] AndroidManifest.xml:26:5-47
	tools:overrideLibrary
		ADDED from [com.android.support:support-v13:25.2.0] AndroidManifest.xml:23:9-52
	android:targetSdkVersion
		ADDED from src\main\AndroidManifest.xml:40:40-69
		INJECTED from src\main\AndroidManifest.xml
		INJECTED from src\main\AndroidManifest.xml
	android:minSdkVersion
		ADDED from src\main\AndroidManifest.xml:40:13-39
		INJECTED from src\main\AndroidManifest.xml
		MERGED from src\main\AndroidManifest.xml:40:13-39
		INJECTED from src\main\AndroidManifest.xml
uses-feature#0x00020000
ADDED from src\main\AndroidManifest.xml:41:3-76
	android:glEsVersion
		ADDED from src\main\AndroidManifest.xml:41:17-49
	android:required
		ADDED from src\main\AndroidManifest.xml:41:50-73
uses-permission#android.permission.INTERNET
ADDED from src\main\AndroidManifest.xml:42:3-65
MERGED from [com.google.android.gms:play-services-ads-lite:11.0.4] AndroidManifest.xml:19:5-66
	android:name
		ADDED from src\main\AndroidManifest.xml:42:20-62
uses-permission#android.permission.WRITE_EXTERNAL_STORAGE
ADDED from src\main\AndroidManifest.xml:43:3-79
	android:name
		ADDED from src\main\AndroidManifest.xml:43:20-76
uses-permission#android.permission.ACCESS_NETWORK_STATE
ADDED from src\main\AndroidManifest.xml:44:3-77
MERGED from [com.google.android.gms:play-services-nearby:11.0.4] AndroidManifest.xml:4:5-78
MERGED from [com.google.android.gms:play-services-ads-lite:11.0.4] AndroidManifest.xml:20:5-78
	android:name
		ADDED from src\main\AndroidManifest.xml:44:20-74
uses-permission#android.permission.WAKE_LOCK
ADDED from src\main\AndroidManifest.xml:45:3-66
	android:name
		ADDED from src\main\AndroidManifest.xml:45:20-63
uses-permission#com.android.vending.CHECK_LICENSE
ADDED from src\main\AndroidManifest.xml:46:3-71
	android:name
		ADDED from src\main\AndroidManifest.xml:46:20-68
uses-permission#android.permission.ACCESS_WIFI_STATE
ADDED from src\main\AndroidManifest.xml:47:3-74
	android:name
		ADDED from src\main\AndroidManifest.xml:47:20-71
uses-permission#android.permission.MODIFY_AUDIO_SETTINGS
ADDED from src\main\AndroidManifest.xml:48:3-78
	android:name
		ADDED from src\main\AndroidManifest.xml:48:20-75
uses-permission#android.permission.VIBRATE
ADDED from src\main\AndroidManifest.xml:49:3-64
	android:name
		ADDED from src\main\AndroidManifest.xml:49:20-61
supports-gl-texture#GL_KHR_texture_compression_astc_ldr
ADDED from src\main\AndroidManifest.xml:51:3-77
	android:name
		ADDED from src\main\AndroidManifest.xml:51:24-74
uses-permission#android.permission.CAMERA
ADDED from src\main\AndroidManifest.xml:52:3-63
	android:name
		ADDED from src\main\AndroidManifest.xml:52:20-60
uses-feature#android.hardware.camera.ar
ADDED from src\main\AndroidManifest.xml:53:3-85
	android:required
		ADDED from src\main\AndroidManifest.xml:53:59-82
	android:name
		ADDED from src\main\AndroidManifest.xml:53:17-58
activity#com.google.android.gms.auth.api.signin.internal.SignInHubActivity
ADDED from [com.google.android.gms:play-services-auth:11.0.4] AndroidManifest.xml:20:9-189
	android:excludeFromRecents
		ADDED from [com.google.android.gms:play-services-auth:11.0.4] AndroidManifest.xml:20:129-162
	android:exported
		ADDED from [com.google.android.gms:play-services-auth:11.0.4] AndroidManifest.xml:20:163-187
	android:theme
		ADDED from [com.google.android.gms:play-services-auth:11.0.4] AndroidManifest.xml:20:69-128
	android:name
		ADDED from [com.google.android.gms:play-services-auth:11.0.4] AndroidManifest.xml:20:19-68
service#com.google.android.gms.auth.api.signin.RevocationBoundService
ADDED from [com.google.android.gms:play-services-auth:11.0.4] AndroidManifest.xml:24:9-184
	android:exported
		ADDED from [com.google.android.gms:play-services-auth:11.0.4] AndroidManifest.xml:24:64-87
	android:permission
		ADDED from [com.google.android.gms:play-services-auth:11.0.4] AndroidManifest.xml:24:88-182
	android:name
		ADDED from [com.google.android.gms:play-services-auth:11.0.4] AndroidManifest.xml:24:18-63
activity#com.google.android.gms.common.api.GoogleApiActivity
ADDED from [com.google.android.gms:play-services-base:11.0.4] AndroidManifest.xml:19:9-172
	android:exported
		ADDED from [com.google.android.gms:play-services-base:11.0.4] AndroidManifest.xml:19:146-170
	android:theme
		ADDED from [com.google.android.gms:play-services-base:11.0.4] AndroidManifest.xml:19:86-145
	android:name
		ADDED from [com.google.android.gms:play-services-base:11.0.4] AndroidManifest.xml:19:19-85
activity#com.google.ar.core.InstallActivity
ADDED from [com.google.ar:core:1.0.0] AndroidManifest.xml:31:9-37:80
	android:excludeFromRecents
		ADDED from [com.google.ar:core:1.0.0] AndroidManifest.xml:34:13-46
	android:launchMode
		ADDED from [com.google.ar:core:1.0.0] AndroidManifest.xml:36:13-43
	android:exported
		ADDED from [com.google.ar:core:1.0.0] AndroidManifest.xml:35:13-37
	android:configChanges
		ADDED from [com.google.ar:core:1.0.0] AndroidManifest.xml:33:13-74
	android:theme
		ADDED from [com.google.ar:core:1.0.0] AndroidManifest.xml:37:13-77
	android:name
		ADDED from [com.google.ar:core:1.0.0] AndroidManifest.xml:32:13-62
meta-data#com.google.ar.core.min_apk_version
ADDED from [com.google.ar:core:1.0.0] AndroidManifest.xml:39:9-41:41
	android:value
		ADDED from [com.google.ar:core:1.0.0] AndroidManifest.xml:41:13-38
	android:name
		ADDED from [com.google.ar:core:1.0.0] AndroidManifest.xml:40:13-62